<?xml version="1.0" encoding="UTF-8"?>
<!-- Generated by org.testng.reporters.JUnitReportReporter -->
<testsuite hostname="DESKTOP-CTNIRRU" failures="0" tests="2" name="testNGLearn.Sequ" time="0.014" errors="0" timestamp="2024-01-03T12:52:14 IST" skipped="0">
  <testcase classname="testNGLearn.Sequ" name="tst1" time="0.003"/>
  <system-out/>
  <testcase classname="testNGLearn.Sequ" name="tst" time="0.011"/>
  <system-out/>
</testsuite> <!-- testNGLearn.Sequ -->
