<?xml version="1.0" encoding="UTF-8"?>
<!-- Generated by org.testng.reporters.JUnitReportReporter -->
<testsuite hostname="DESKTOP-CTNIRRU" failures="0" tests="4" name="testNGLearn.TestNGLearn" time="0.021" errors="0" timestamp="2024-01-03T12:21:41 IST" skipped="0">
  <testcase classname="testNGLearn.TestNGLearn" name="test2" time="0.002"/>
  <system-out/>
  <testcase classname="testNGLearn.TestNGLearn" name="test3" time="0.001"/>
  <system-out/>
  <testcase classname="testNGLearn.TestNGLearn" name="test1" time="0.003"/>
  <system-out/>
  <testcase classname="testNGLearn.TestNGLearn" name="test" time="0.015"/>
  <system-out/>
</testsuite> <!-- testNGLearn.TestNGLearn -->
