<?xml version="1.0" encoding="UTF-8"?>
<!-- Generated by org.testng.reporters.JUnitReportReporter -->
<testsuite hostname="DESKTOP-CTNIRRU" failures="0" tests="1" name="testNGFrameWork.BaseClass" time="0.010" errors="0" timestamp="2024-01-04T11:56:38 IST" skipped="0">
  <testcase classname="testNGFrameWork.BaseClass" name="tst" time="0.010"/>
  <system-out/>
</testsuite> <!-- testNGFrameWork.BaseClass -->
